2025-12-11 14:08:32,863 - 検出を開始しました。
2025-12-11 14:08:33,472 - 検出: {'class_name': 'tyoki', 'coordinates': [1242, 798, 1910, 1080], 'confidence': 0.8883445262908936}
2025-12-11 14:08:33,538 - 検出: {'class_name': 'tyoki', 'coordinates': [1404, 694, 1919, 1080], 'confidence': 0.3220406472682953}
2025-12-11 14:08:34,204 - 検出: {'class_name': 'pa-', 'coordinates': [1709, 70, 1920, 996], 'confidence': 0.5413126349449158}
2025-12-11 14:08:34,275 - 検出: {'class_name': 'pa-', 'coordinates': [1625, 58, 1918, 946], 'confidence': 0.8090546727180481}
2025-12-11 14:08:34,340 - 検出: {'class_name': 'pa-', 'coordinates': [1559, 27, 1920, 909], 'confidence': 0.9048477411270142}
2025-12-11 14:08:34,403 - 検出: {'class_name': 'pa-', 'coordinates': [1478, 35, 1919, 925], 'confidence': 0.9390581250190735}
2025-12-11 14:08:34,475 - 検出: {'class_name': 'pa-', 'coordinates': [1405, 49, 1919, 955], 'confidence': 0.9465422630310059}
2025-12-11 14:08:34,542 - 検出: {'class_name': 'pa-', 'coordinates': [1364, 51, 1919, 980], 'confidence': 0.9431504011154175}
2025-12-11 14:08:34,611 - 検出: {'class_name': 'pa-', 'coordinates': [1326, 52, 1920, 999], 'confidence': 0.9456390738487244}
2025-12-11 14:08:34,677 - 検出: {'class_name': 'pa-', 'coordinates': [1309, 57, 1920, 992], 'confidence': 0.9557467103004456}
2025-12-11 14:08:34,735 - 検出: {'class_name': 'pa-', 'coordinates': [1288, 71, 1917, 995], 'confidence': 0.958216667175293}
2025-12-11 14:08:34,807 - 検出: {'class_name': 'pa-', 'coordinates': [1281, 82, 1918, 992], 'confidence': 0.947944700717926}
2025-12-11 14:08:34,879 - 検出: {'class_name': 'pa-', 'coordinates': [1285, 87, 1917, 1008], 'confidence': 0.9539432525634766}
2025-12-11 14:08:34,946 - 検出: {'class_name': 'pa-', 'coordinates': [1302, 90, 1916, 1009], 'confidence': 0.9549064636230469}
2025-12-11 14:08:35,011 - 検出: {'class_name': 'pa-', 'coordinates': [1318, 90, 1917, 1018], 'confidence': 0.9551399350166321}
2025-12-11 14:08:35,080 - 検出: {'class_name': 'pa-', 'coordinates': [1346, 94, 1916, 1026], 'confidence': 0.9514021873474121}
2025-12-11 14:08:35,141 - 検出: {'class_name': 'pa-', 'coordinates': [1366, 99, 1917, 1036], 'confidence': 0.92253178358078}
2025-12-11 14:08:35,205 - 検出: {'class_name': 'pa-', 'coordinates': [1371, 117, 1920, 1059], 'confidence': 0.9173319339752197}
2025-12-11 14:08:35,278 - 検出: {'class_name': 'pa-', 'coordinates': [1372, 123, 1920, 1063], 'confidence': 0.8920254111289978}
2025-12-11 14:08:35,337 - 検出: {'class_name': 'pa-', 'coordinates': [1376, 129, 1920, 1069], 'confidence': 0.9203541278839111}
2025-12-11 14:08:35,407 - 検出: {'class_name': 'pa-', 'coordinates': [1421, 137, 1920, 1067], 'confidence': 0.7800317406654358}
2025-12-11 14:08:35,480 - 検出: {'class_name': 'pa-', 'coordinates': [1424, 146, 1920, 1069], 'confidence': 0.464231014251709}
2025-12-11 14:08:35,480 - 検出: {'class_name': 'tyoki', 'coordinates': [1416, 142, 1918, 1063], 'confidence': 0.3373855948448181}
2025-12-11 14:08:35,543 - 検出: {'class_name': 'pa-', 'coordinates': [1435, 144, 1920, 1075], 'confidence': 0.6766176819801331}
2025-12-11 14:08:35,543 - 検出: {'class_name': 'tyoki', 'coordinates': [1431, 144, 1919, 1076], 'confidence': 0.35232800245285034}
2025-12-11 14:08:35,610 - 検出: {'class_name': 'pa-', 'coordinates': [1449, 154, 1920, 1080], 'confidence': 0.6059393882751465}
2025-12-11 14:08:35,610 - 検出: {'class_name': 'tyoki', 'coordinates': [1433, 155, 1918, 1080], 'confidence': 0.43519002199172974}
2025-12-11 14:08:35,676 - 検出: {'class_name': 'pa-', 'coordinates': [1422, 206, 1920, 1080], 'confidence': 0.9365920424461365}
2025-12-11 14:08:35,741 - 検出: {'class_name': 'pa-', 'coordinates': [1395, 276, 1920, 1080], 'confidence': 0.8999364972114563}
2025-12-11 14:08:35,843 - 検出: {'class_name': 'pa-', 'coordinates': [1417, 325, 1920, 1080], 'confidence': 0.9262805581092834}
2025-12-11 14:08:35,908 - 検出: {'class_name': 'pa-', 'coordinates': [1483, 357, 1920, 1080], 'confidence': 0.7247790098190308}
2025-12-11 14:08:35,980 - 検出: {'class_name': 'tyoki', 'coordinates': [1512, 372, 1919, 1080], 'confidence': 0.69112628698349}
2025-12-11 14:08:36,043 - 検出: {'class_name': 'tyoki', 'coordinates': [1518, 374, 1919, 1080], 'confidence': 0.7010064721107483}
2025-12-11 14:08:36,106 - 検出: {'class_name': 'tyoki', 'coordinates': [1510, 366, 1919, 1080], 'confidence': 0.6915404796600342}
2025-12-11 14:08:36,107 - 検出: {'class_name': 'pa-', 'coordinates': [1511, 355, 1918, 1080], 'confidence': 0.3086232841014862}
2025-12-11 14:08:36,179 - 検出: {'class_name': 'tyoki', 'coordinates': [1500, 356, 1918, 1080], 'confidence': 0.5391324162483215}
2025-12-11 14:08:36,179 - 検出: {'class_name': 'pa-', 'coordinates': [1505, 342, 1918, 1080], 'confidence': 0.3872576653957367}
2025-12-11 14:08:36,249 - 検出: {'class_name': 'pa-', 'coordinates': [1524, 328, 1919, 1080], 'confidence': 0.705007016658783}
2025-12-11 14:08:36,315 - 検出: {'class_name': 'pa-', 'coordinates': [1599, 289, 1918, 1080], 'confidence': 0.4558524191379547}
2025-12-11 14:08:36,315 - 検出: {'class_name': 'tyoki', 'coordinates': [1614, 284, 1919, 1080], 'confidence': 0.27547597885131836}
2025-12-11 14:08:36,384 - 検出: {'class_name': 'tyoki', 'coordinates': [1616, 253, 1919, 1080], 'confidence': 0.7087975740432739}
2025-12-11 14:08:36,450 - 検出: {'class_name': 'tyoki', 'coordinates': [1511, 238, 1918, 1080], 'confidence': 0.8454142808914185}
2025-12-11 14:08:36,509 - 検出: {'class_name': 'pa-', 'coordinates': [1361, 221, 1920, 828], 'confidence': 0.7446196675300598}
2025-12-11 14:08:36,509 - 検出: {'class_name': 'tyoki', 'coordinates': [1361, 219, 1920, 814], 'confidence': 0.5147081017494202}
2025-12-11 14:08:36,581 - 検出: {'class_name': 'pa-', 'coordinates': [1171, 201, 1900, 1080], 'confidence': 0.8436089754104614}
2025-12-11 14:08:36,650 - 検出: {'class_name': 'pa-', 'coordinates': [627, 171, 1754, 1080], 'confidence': 0.7558037638664246}
2025-12-11 14:08:36,708 - 検出: {'class_name': 'pa-', 'coordinates': [626, 164, 1551, 1080], 'confidence': 0.926077663898468}
2025-12-11 14:08:36,779 - 検出: {'class_name': 'pa-', 'coordinates': [394, 166, 1334, 1080], 'confidence': 0.9259915947914124}
2025-12-11 14:08:36,842 - 検出: {'class_name': 'pa-', 'coordinates': [133, 207, 1100, 1080], 'confidence': 0.9056247472763062}
2025-12-11 14:08:36,905 - 検出: {'class_name': 'pa-', 'coordinates': [1, 263, 913, 1080], 'confidence': 0.875480055809021}
2025-12-11 14:08:36,981 - 検出: {'class_name': 'pa-', 'coordinates': [0, 314, 795, 1080], 'confidence': 0.8677778244018555}
2025-12-11 14:08:37,047 - 検出: {'class_name': 'pa-', 'coordinates': [0, 332, 708, 1080], 'confidence': 0.7139713764190674}
2025-12-11 14:08:37,111 - 検出: {'class_name': 'pa-', 'coordinates': [0, 343, 662, 1080], 'confidence': 0.7844796776771545}
2025-12-11 14:08:37,184 - 検出: {'class_name': 'pa-', 'coordinates': [0, 363, 634, 1080], 'confidence': 0.7803525924682617}
2025-12-11 14:08:37,249 - 検出: {'class_name': 'pa-', 'coordinates': [0, 376, 620, 1080], 'confidence': 0.7643140554428101}
2025-12-11 14:08:37,310 - 検出: {'class_name': 'pa-', 'coordinates': [0, 376, 517, 1080], 'confidence': 0.7799692153930664}
2025-12-11 14:08:37,386 - 検出: {'class_name': 'tyoki', 'coordinates': [0, 428, 592, 1080], 'confidence': 0.33735421299934387}
2025-12-11 14:08:37,443 - 検出: {'class_name': 'tyoki', 'coordinates': [0, 442, 595, 1080], 'confidence': 0.5344135761260986}
2025-12-11 14:08:37,510 - 検出: {'class_name': 'gu-', 'coordinates': [76, 582, 739, 1080], 'confidence': 0.7934431433677673}
2025-12-11 14:08:37,582 - 検出: {'class_name': 'gu-', 'coordinates': [195, 589, 820, 1080], 'confidence': 0.8738881349563599}
2025-12-11 14:08:37,645 - 検出: {'class_name': 'gu-', 'coordinates': [250, 559, 881, 1078], 'confidence': 0.8472938537597656}
2025-12-11 14:08:37,782 - 検出: {'class_name': 'gu-', 'coordinates': [424, 240, 1196, 1045], 'confidence': 0.936454713344574}
2025-12-11 14:08:37,844 - 検出: {'class_name': 'gu-', 'coordinates': [513, 145, 1418, 1025], 'confidence': 0.9668533205986023}
2025-12-11 14:08:37,912 - 検出: {'class_name': 'gu-', 'coordinates': [566, 129, 1544, 1039], 'confidence': 0.9500197768211365}
2025-12-11 14:08:37,985 - 検出: {'class_name': 'gu-', 'coordinates': [607, 134, 1592, 1036], 'confidence': 0.9106673002243042}
2025-12-11 14:08:38,047 - 検出: {'class_name': 'gu-', 'coordinates': [579, 104, 1636, 1038], 'confidence': 0.9305858612060547}
2025-12-11 14:08:38,117 - 検出: {'class_name': 'gu-', 'coordinates': [563, 17, 1667, 1046], 'confidence': 0.8813320994377136}
2025-12-11 14:08:38,184 - 検出: {'class_name': 'tyoki', 'coordinates': [467, 0, 1635, 1043], 'confidence': 0.5609130859375}
2025-12-11 14:08:38,184 - 検出: {'class_name': 'pa-', 'coordinates': [464, 0, 1637, 1033], 'confidence': 0.467526376247406}
2025-12-11 14:08:38,248 - 検出: {'class_name': 'pa-', 'coordinates': [544, 0, 1620, 969], 'confidence': 0.6992332935333252}
2025-12-11 14:08:38,316 - 検出: {'class_name': 'pa-', 'coordinates': [623, 0, 1590, 1019], 'confidence': 0.8324098587036133}
2025-12-11 14:08:38,379 - 検出: {'class_name': 'gu-', 'coordinates': [550, 0, 1604, 1040], 'confidence': 0.808022141456604}
2025-12-11 14:08:38,448 - 検出: {'class_name': 'gu-', 'coordinates': [603, 179, 1654, 1040], 'confidence': 0.891577959060669}
2025-12-11 14:08:38,514 - 検出: {'class_name': 'gu-', 'coordinates': [608, 185, 1718, 1038], 'confidence': 0.8963169455528259}
2025-12-11 14:08:38,585 - 検出: {'class_name': 'gu-', 'coordinates': [609, 186, 1716, 1032], 'confidence': 0.8962889909744263}
2025-12-11 14:08:38,649 - 検出: {'class_name': 'gu-', 'coordinates': [611, 189, 1683, 1035], 'confidence': 0.8931125402450562}
2025-12-11 14:08:38,719 - 検出: {'class_name': 'gu-', 'coordinates': [607, 188, 1688, 1037], 'confidence': 0.8959459066390991}
2025-12-11 14:08:38,782 - 検出: {'class_name': 'gu-', 'coordinates': [607, 173, 1703, 1040], 'confidence': 0.9056663513183594}
2025-12-11 14:08:38,849 - 検出: {'class_name': 'gu-', 'coordinates': [592, 100, 1725, 1039], 'confidence': 0.8827295303344727}
2025-12-11 14:08:38,911 - 検出: {'class_name': 'tyoki', 'coordinates': [525, 0, 1757, 1028], 'confidence': 0.6999842524528503}
2025-12-11 14:08:38,980 - 検出: {'class_name': 'tyoki', 'coordinates': [611, 0, 1714, 1040], 'confidence': 0.42291122674942017}
2025-12-11 14:08:39,047 - 検出: {'class_name': 'tyoki', 'coordinates': [591, 11, 1844, 1039], 'confidence': 0.7398600578308105}
2025-12-11 14:08:39,118 - 検出: {'class_name': 'tyoki', 'coordinates': [547, 21, 1897, 1036], 'confidence': 0.4510682225227356}
2025-12-11 14:08:39,511 - 検出: {'class_name': 'pa-', 'coordinates': [619, 0, 1899, 1080], 'confidence': 0.8322879076004028}
2025-12-11 14:08:39,511 - 検出: {'class_name': 'tyoki', 'coordinates': [612, 19, 1901, 1080], 'confidence': 0.5610632300376892}
2025-12-11 14:08:39,579 - 検出: {'class_name': 'pa-', 'coordinates': [622, 0, 1920, 1071], 'confidence': 0.6249039769172668}
2025-12-11 14:08:39,580 - 検出: {'class_name': 'tyoki', 'coordinates': [614, 30, 1920, 1058], 'confidence': 0.45707714557647705}
2025-12-11 14:08:39,718 - 検出: {'class_name': 'tyoki', 'coordinates': [1550, 0, 1919, 968], 'confidence': 0.5156806111335754}
2025-12-11 14:08:40,251 - 検出: {'class_name': 'gu-', 'coordinates': [1663, 446, 1920, 1046], 'confidence': 0.3419487178325653}
2025-12-11 14:08:40,314 - 検出: {'class_name': 'gu-', 'coordinates': [1499, 286, 1918, 941], 'confidence': 0.5795755982398987}
2025-12-11 14:08:40,383 - 検出: {'class_name': 'gu-', 'coordinates': [1234, 160, 1920, 1068], 'confidence': 0.4919116795063019}
2025-12-11 14:08:40,506 - 検出: {'class_name': 'gu-', 'coordinates': [614, 250, 1677, 1080], 'confidence': 0.8381348848342896}
2025-12-11 14:08:40,580 - 検出: {'class_name': 'gu-', 'coordinates': [356, 343, 1428, 1080], 'confidence': 0.8906177282333374}
2025-12-11 14:08:40,650 - 検出: {'class_name': 'gu-', 'coordinates': [174, 392, 1269, 1080], 'confidence': 0.8317921757698059}
2025-12-11 14:08:40,715 - 検出: {'class_name': 'gu-', 'coordinates': [45, 465, 1165, 1080], 'confidence': 0.5418697595596313}
2025-12-11 14:08:41,050 - 検出: {'class_name': 'gu-', 'coordinates': [40, 626, 762, 1080], 'confidence': 0.37170925736427307}
2025-12-11 14:08:41,388 - 検出: {'class_name': 'gu-', 'coordinates': [9, 589, 892, 1080], 'confidence': 0.447050005197525}
2025-12-11 14:08:41,445 - 検出: {'class_name': 'gu-', 'coordinates': [10, 575, 875, 1080], 'confidence': 0.6124948263168335}
2025-12-11 14:08:41,512 - 検出: {'class_name': 'gu-', 'coordinates': [7, 560, 871, 1080], 'confidence': 0.6051080226898193}
2025-12-11 14:08:41,581 - 検出: {'class_name': 'gu-', 'coordinates': [10, 556, 854, 1080], 'confidence': 0.6459082365036011}
2025-12-11 14:08:41,650 - 検出: {'class_name': 'gu-', 'coordinates': [3, 555, 838, 1080], 'confidence': 0.7450069189071655}
2025-12-11 14:08:41,716 - 検出: {'class_name': 'gu-', 'coordinates': [16, 556, 848, 1080], 'confidence': 0.7601657509803772}
2025-12-11 14:08:41,786 - 検出: {'class_name': 'gu-', 'coordinates': [14, 559, 851, 1080], 'confidence': 0.8103849291801453}
2025-12-11 14:08:41,851 - 検出: {'class_name': 'gu-', 'coordinates': [12, 572, 844, 1080], 'confidence': 0.7178224921226501}
2025-12-11 14:08:41,915 - 検出: {'class_name': 'gu-', 'coordinates': [12, 588, 861, 1080], 'confidence': 0.4877300560474396}
2025-12-11 14:08:41,980 - 検出: {'class_name': 'gu-', 'coordinates': [189, 607, 881, 1080], 'confidence': 0.5107898116111755}
2025-12-11 14:08:42,049 - 検出: {'class_name': 'gu-', 'coordinates': [226, 616, 891, 1080], 'confidence': 0.5478951334953308}
2025-12-11 14:08:42,049 - 検出: {'class_name': 'tyoki', 'coordinates': [671, 177, 1308, 930], 'confidence': 0.28102466464042664}
2025-12-11 14:08:42,113 - 検出: {'class_name': 'gu-', 'coordinates': [79, 615, 928, 1080], 'confidence': 0.4137635827064514}
2025-12-11 14:08:42,253 - 検出: {'class_name': 'gu-', 'coordinates': [69, 575, 946, 1080], 'confidence': 0.6030233502388}
2025-12-11 14:08:42,316 - 検出: {'class_name': 'gu-', 'coordinates': [104, 570, 944, 1080], 'confidence': 0.559542715549469}
2025-12-11 14:08:42,386 - 検出: {'class_name': 'gu-', 'coordinates': [28, 579, 933, 1080], 'confidence': 0.6146316528320312}
2025-12-11 14:08:42,452 - 検出: {'class_name': 'gu-', 'coordinates': [185, 610, 918, 1080], 'confidence': 0.4803389012813568}
2025-12-11 14:08:42,518 - 検出: {'class_name': 'gu-', 'coordinates': [85, 630, 893, 1080], 'confidence': 0.31156378984451294}
2025-12-11 14:08:42,579 - 検出: {'class_name': 'gu-', 'coordinates': [53, 633, 903, 1080], 'confidence': 0.4055446982383728}
2025-12-11 14:08:42,648 - 検出: {'class_name': 'gu-', 'coordinates': [103, 649, 906, 1080], 'confidence': 0.3693777322769165}
2025-12-11 14:08:42,917 - 検出: {'class_name': 'tyoki', 'coordinates': [701, 110, 1331, 885], 'confidence': 0.48014140129089355}
2025-12-11 14:08:42,976 - 検出: {'class_name': 'gu-', 'coordinates': [157, 684, 926, 1080], 'confidence': 0.26822349429130554}
2025-12-11 14:08:43,047 - 検出: {'class_name': 'gu-', 'coordinates': [97, 674, 951, 1080], 'confidence': 0.25988295674324036}
2025-12-11 14:08:43,384 - 検出: {'class_name': 'gu-', 'coordinates': [492, 481, 1458, 1080], 'confidence': 0.3332207202911377}
2025-12-11 14:08:43,452 - 検出: {'class_name': 'gu-', 'coordinates': [664, 404, 1553, 1080], 'confidence': 0.5446202158927917}
2025-12-11 14:08:43,519 - 検出: {'class_name': 'gu-', 'coordinates': [740, 361, 1619, 1080], 'confidence': 0.9052096009254456}
2025-12-11 14:08:43,587 - 検出: {'class_name': 'gu-', 'coordinates': [706, 324, 1660, 1080], 'confidence': 0.9207452535629272}
2025-12-11 14:08:43,651 - 検出: {'class_name': 'gu-', 'coordinates': [709, 284, 1721, 1080], 'confidence': 0.9210678339004517}
2025-12-11 14:08:43,717 - 検出: {'class_name': 'gu-', 'coordinates': [983, 267, 1800, 1069], 'confidence': 0.9079034328460693}
2025-12-11 14:08:43,781 - 検出: {'class_name': 'gu-', 'coordinates': [1043, 272, 1860, 1070], 'confidence': 0.8973760008811951}
2025-12-11 14:08:43,854 - 検出: {'class_name': 'gu-', 'coordinates': [1094, 267, 1901, 1073], 'confidence': 0.8676922917366028}
2025-12-11 14:08:43,918 - 検出: {'class_name': 'gu-', 'coordinates': [1128, 251, 1914, 1068], 'confidence': 0.8039417266845703}
2025-12-11 14:08:43,983 - 検出: {'class_name': 'gu-', 'coordinates': [1167, 170, 1914, 1071], 'confidence': 0.9213367700576782}
2025-12-11 14:08:44,056 - 検出: {'class_name': 'gu-', 'coordinates': [1215, 188, 1912, 1056], 'confidence': 0.9527257084846497}
2025-12-11 14:08:44,116 - 検出: {'class_name': 'gu-', 'coordinates': [1244, 213, 1911, 1050], 'confidence': 0.9423148036003113}
2025-12-11 14:08:44,185 - 検出: {'class_name': 'gu-', 'coordinates': [1263, 229, 1913, 1058], 'confidence': 0.9429948925971985}
2025-12-11 14:08:44,249 - 検出: {'class_name': 'gu-', 'coordinates': [1321, 235, 1919, 1056], 'confidence': 0.9167054891586304}
2025-12-11 14:08:44,315 - 検出: {'class_name': 'gu-', 'coordinates': [1419, 201, 1919, 904], 'confidence': 0.6036401987075806}
2025-12-11 14:08:44,381 - 検出: {'class_name': 'gu-', 'coordinates': [1522, 120, 1919, 863], 'confidence': 0.3957502841949463}
2025-12-11 14:08:44,452 - 検出: {'class_name': 'gu-', 'coordinates': [1566, 154, 1919, 855], 'confidence': 0.7134877443313599}
2025-12-11 14:08:44,452 - 検出: {'class_name': 'gu-', 'coordinates': [507, 444, 1071, 1049], 'confidence': 0.3367055356502533}
2025-12-11 14:08:44,513 - 検出: {'class_name': 'gu-', 'coordinates': [1567, 152, 1919, 892], 'confidence': 0.6684210300445557}
2025-12-11 14:08:44,513 - 検出: {'class_name': 'gu-', 'coordinates': [494, 433, 1030, 1045], 'confidence': 0.3238973915576935}
2025-12-11 14:08:44,580 - 検出: {'class_name': 'gu-', 'coordinates': [1559, 160, 1919, 920], 'confidence': 0.6301901340484619}
2025-12-11 14:08:44,649 - 検出: {'class_name': 'gu-', 'coordinates': [1573, 196, 1918, 937], 'confidence': 0.8237715363502502}
2025-12-11 14:08:44,717 - 検出: {'class_name': 'gu-', 'coordinates': [1591, 225, 1918, 939], 'confidence': 0.8019360303878784}
2025-12-11 14:08:44,777 - 検出: {'class_name': 'gu-', 'coordinates': [1568, 222, 1919, 951], 'confidence': 0.6727885007858276}
2025-12-11 14:08:44,848 - 検出: {'class_name': 'gu-', 'coordinates': [1506, 199, 1919, 937], 'confidence': 0.421819806098938}
2025-12-11 14:08:44,913 - 検出: {'class_name': 'gu-', 'coordinates': [1416, 205, 1920, 934], 'confidence': 0.7865010499954224}
2025-12-11 14:08:44,981 - 検出: {'class_name': 'gu-', 'coordinates': [1330, 196, 1919, 951], 'confidence': 0.87651127576828}
2025-12-11 14:08:45,051 - 検出: {'class_name': 'gu-', 'coordinates': [1261, 180, 1871, 1000], 'confidence': 0.8831039667129517}
2025-12-11 14:08:45,113 - 検出: {'class_name': 'gu-', 'coordinates': [1192, 147, 1918, 1036], 'confidence': 0.9406726956367493}
2025-12-11 14:08:45,183 - 検出: {'class_name': 'gu-', 'coordinates': [1101, 115, 1902, 1015], 'confidence': 0.9296606779098511}
2025-12-11 14:08:45,248 - 検出: {'class_name': 'gu-', 'coordinates': [992, 120, 1782, 1053], 'confidence': 0.9313854575157166}
2025-12-11 14:08:45,312 - 検出: {'class_name': 'gu-', 'coordinates': [624, 155, 1669, 1073], 'confidence': 0.9285412430763245}
2025-12-11 14:08:45,382 - 検出: {'class_name': 'gu-', 'coordinates': [621, 213, 1596, 1077], 'confidence': 0.9753875732421875}
2025-12-11 14:08:45,449 - 検出: {'class_name': 'gu-', 'coordinates': [617, 233, 1591, 1080], 'confidence': 0.9651150107383728}
2025-12-11 14:08:45,514 - 検出: {'class_name': 'gu-', 'coordinates': [611, 258, 1597, 1080], 'confidence': 0.9634506702423096}
2025-12-11 14:08:45,581 - 検出: {'class_name': 'gu-', 'coordinates': [602, 328, 1590, 1080], 'confidence': 0.9500976800918579}
2025-12-11 14:08:45,652 - 検出: {'class_name': 'gu-', 'coordinates': [584, 421, 1566, 1080], 'confidence': 0.9211474657058716}
2025-12-11 14:08:45,714 - 検出: {'class_name': 'gu-', 'coordinates': [601, 451, 1593, 1080], 'confidence': 0.9120394587516785}
2025-12-11 14:08:45,783 - 検出: {'class_name': 'gu-', 'coordinates': [624, 430, 1634, 1080], 'confidence': 0.8843516707420349}
2025-12-11 14:08:45,849 - 検出: {'class_name': 'gu-', 'coordinates': [587, 390, 1696, 1080], 'confidence': 0.8588262796401978}
2025-12-11 14:08:45,912 - 検出: {'class_name': 'gu-', 'coordinates': [575, 357, 1740, 1080], 'confidence': 0.8990771174430847}
2025-12-11 14:08:45,988 - 検出: {'class_name': 'gu-', 'coordinates': [854, 325, 1791, 1080], 'confidence': 0.8855962753295898}
2025-12-11 14:08:46,088 - 検出: {'class_name': 'gu-', 'coordinates': [877, 311, 1820, 1080], 'confidence': 0.8961042165756226}
2025-12-11 14:08:46,140 - 検出: {'class_name': 'gu-', 'coordinates': [865, 325, 1787, 1080], 'confidence': 0.9204789400100708}
2025-12-11 14:08:46,212 - 検出: {'class_name': 'gu-', 'coordinates': [575, 351, 1728, 1080], 'confidence': 0.8630486130714417}
2025-12-11 14:08:46,282 - 検出: {'class_name': 'gu-', 'coordinates': [595, 393, 1632, 1080], 'confidence': 0.8088108897209167}
2025-12-11 14:08:46,380 - 検出: {'class_name': 'gu-', 'coordinates': [531, 465, 1469, 1080], 'confidence': 0.886534571647644}
2025-12-11 14:08:46,447 - 検出: {'class_name': 'gu-', 'coordinates': [427, 485, 1387, 1080], 'confidence': 0.8928291201591492}
2025-12-11 14:08:46,529 - 検出: {'class_name': 'gu-', 'coordinates': [424, 476, 1382, 1080], 'confidence': 0.9126688838005066}
2025-12-11 14:08:46,577 - 検出: {'class_name': 'gu-', 'coordinates': [507, 430, 1428, 1080], 'confidence': 0.7817424535751343}
2025-12-11 14:08:46,648 - 検出: {'class_name': 'gu-', 'coordinates': [616, 367, 1515, 1080], 'confidence': 0.9355820417404175}
2025-12-11 14:08:46,716 - 検出: {'class_name': 'gu-', 'coordinates': [625, 307, 1602, 1080], 'confidence': 0.9305798411369324}
2025-12-11 14:08:46,782 - 検出: {'class_name': 'gu-', 'coordinates': [627, 242, 1673, 1080], 'confidence': 0.883242130279541}
2025-12-11 14:08:46,857 - 検出: {'class_name': 'gu-', 'coordinates': [628, 210, 1709, 1071], 'confidence': 0.9188479781150818}
2025-12-11 14:08:46,914 - 検出: {'class_name': 'gu-', 'coordinates': [674, 188, 1728, 1068], 'confidence': 0.9122388362884521}
2025-12-11 14:08:46,985 - 検出: {'class_name': 'gu-', 'coordinates': [626, 172, 1726, 1063], 'confidence': 0.9266635775566101}
2025-12-11 14:08:47,053 - 検出: {'class_name': 'gu-', 'coordinates': [612, 155, 1705, 1054], 'confidence': 0.9358978867530823}
2025-12-11 14:08:47,113 - 検出: {'class_name': 'gu-', 'coordinates': [638, 150, 1662, 1050], 'confidence': 0.913716197013855}
2025-12-11 14:08:47,173 - 検出: {'class_name': 'gu-', 'coordinates': [643, 166, 1599, 1062], 'confidence': 0.9536280035972595}
2025-12-11 14:08:47,244 - 検出: {'class_name': 'gu-', 'coordinates': [656, 212, 1517, 1070], 'confidence': 0.9590429663658142}
2025-12-11 14:08:47,309 - 検出: {'class_name': 'gu-', 'coordinates': [561, 234, 1447, 1074], 'confidence': 0.9525278806686401}
2025-12-11 14:08:47,376 - 検出: {'class_name': 'gu-', 'coordinates': [415, 283, 1355, 1080], 'confidence': 0.9087849855422974}
2025-12-11 14:08:47,444 - 検出: {'class_name': 'gu-', 'coordinates': [252, 330, 1270, 1080], 'confidence': 0.9187016487121582}
2025-12-11 14:08:47,512 - 検出: {'class_name': 'gu-', 'coordinates': [88, 357, 1167, 1080], 'confidence': 0.9081957340240479}
2025-12-11 14:08:47,581 - 検出: {'class_name': 'gu-', 'coordinates': [14, 372, 1078, 1080], 'confidence': 0.8593061566352844}
2025-12-11 14:08:47,646 - 検出: {'class_name': 'gu-', 'coordinates': [2, 385, 966, 1080], 'confidence': 0.8168442249298096}
2025-12-11 14:08:47,715 - 検出: {'class_name': 'gu-', 'coordinates': [0, 444, 875, 1080], 'confidence': 0.8401321768760681}
2025-12-11 14:08:47,781 - 検出: {'class_name': 'gu-', 'coordinates': [0, 484, 836, 1080], 'confidence': 0.8253505825996399}
2025-12-11 14:08:47,847 - 検出: {'class_name': 'gu-', 'coordinates': [1, 510, 803, 1080], 'confidence': 0.7094804048538208}
2025-12-11 14:08:47,902 - 検出: {'class_name': 'gu-', 'coordinates': [0, 506, 776, 1080], 'confidence': 0.7723710536956787}
2025-12-11 14:08:47,969 - 検出: {'class_name': 'gu-', 'coordinates': [0, 501, 758, 1080], 'confidence': 0.7200048565864563}
2025-12-11 14:08:48,172 - 検出: {'class_name': 'gu-', 'coordinates': [0, 286, 764, 1080], 'confidence': 0.5708755254745483}
2025-12-11 14:08:48,236 - 検出: {'class_name': 'gu-', 'coordinates': [0, 241, 698, 1080], 'confidence': 0.894463062286377}
2025-12-11 14:08:48,312 - 検出: {'class_name': 'gu-', 'coordinates': [0, 227, 696, 1071], 'confidence': 0.9191617369651794}
2025-12-11 14:08:48,386 - 検出: {'class_name': 'gu-', 'coordinates': [0, 243, 716, 1075], 'confidence': 0.9402692914009094}
2025-12-11 14:08:48,450 - 検出: {'class_name': 'gu-', 'coordinates': [0, 277, 764, 1080], 'confidence': 0.9063997268676758}
2025-12-11 14:08:48,525 - 検出: {'class_name': 'gu-', 'coordinates': [0, 305, 789, 1080], 'confidence': 0.9270443916320801}
2025-12-11 14:08:48,585 - 検出: {'class_name': 'gu-', 'coordinates': [0, 307, 794, 1080], 'confidence': 0.9366099834442139}
2025-12-11 14:08:48,655 - 検出: {'class_name': 'gu-', 'coordinates': [0, 297, 800, 1078], 'confidence': 0.9424136877059937}
2025-12-11 14:08:48,724 - 検出: {'class_name': 'gu-', 'coordinates': [1, 276, 825, 1069], 'confidence': 0.9418298602104187}
2025-12-11 14:08:48,787 - 検出: {'class_name': 'gu-', 'coordinates': [40, 282, 866, 1071], 'confidence': 0.9509549140930176}
2025-12-11 14:08:48,848 - 検出: {'class_name': 'gu-', 'coordinates': [165, 285, 942, 1069], 'confidence': 0.9592188596725464}
2025-12-11 14:08:48,916 - 検出: {'class_name': 'gu-', 'coordinates': [270, 283, 1013, 1063], 'confidence': 0.9597446918487549}
2025-12-11 14:08:48,981 - 検出: {'class_name': 'gu-', 'coordinates': [325, 284, 1089, 1066], 'confidence': 0.9378639459609985}
2025-12-11 14:08:49,051 - 検出: {'class_name': 'gu-', 'coordinates': [348, 298, 1110, 1066], 'confidence': 0.9507035613059998}
2025-12-11 14:08:49,123 - 検出: {'class_name': 'gu-', 'coordinates': [350, 307, 1118, 1065], 'confidence': 0.9643738865852356}
2025-12-11 14:08:49,182 - 検出: {'class_name': 'gu-', 'coordinates': [326, 319, 1106, 1067], 'confidence': 0.9553780555725098}
2025-12-11 14:08:49,249 - 検出: {'class_name': 'gu-', 'coordinates': [318, 330, 1086, 1066], 'confidence': 0.9664544463157654}
2025-12-11 14:08:49,324 - 検出: {'class_name': 'gu-', 'coordinates': [321, 339, 1076, 1067], 'confidence': 0.9677314758300781}
2025-12-11 14:08:49,385 - 検出: {'class_name': 'gu-', 'coordinates': [294, 335, 1056, 1073], 'confidence': 0.9727890491485596}
2025-12-11 14:08:49,454 - 検出: {'class_name': 'gu-', 'coordinates': [228, 292, 1013, 1070], 'confidence': 0.9571179747581482}
2025-12-11 14:08:49,519 - 検出: {'class_name': 'gu-', 'coordinates': [207, 276, 1001, 1073], 'confidence': 0.9671614170074463}
2025-12-11 14:08:49,583 - 検出: {'class_name': 'gu-', 'coordinates': [136, 241, 978, 1073], 'confidence': 0.9667513966560364}
2025-12-11 14:08:49,650 - 検出: {'class_name': 'gu-', 'coordinates': [98, 248, 962, 1077], 'confidence': 0.9569343328475952}
2025-12-11 14:08:49,716 - 検出: {'class_name': 'gu-', 'coordinates': [107, 278, 957, 1075], 'confidence': 0.9591259956359863}
2025-12-11 14:08:49,780 - 検出: {'class_name': 'gu-', 'coordinates': [120, 303, 956, 1078], 'confidence': 0.9591970443725586}
2025-12-11 14:08:49,848 - 検出: {'class_name': 'gu-', 'coordinates': [109, 316, 950, 1077], 'confidence': 0.9694007039070129}
2025-12-11 14:08:49,916 - 検出: {'class_name': 'gu-', 'coordinates': [98, 318, 931, 1079], 'confidence': 0.9635312557220459}
2025-12-11 14:08:49,982 - 検出: {'class_name': 'gu-', 'coordinates': [106, 329, 920, 1077], 'confidence': 0.9681069254875183}
2025-12-11 14:08:50,051 - 検出: {'class_name': 'gu-', 'coordinates': [107, 263, 921, 1075], 'confidence': 0.9383261799812317}
2025-12-11 14:08:50,118 - 検出: {'class_name': 'gu-', 'coordinates': [4, 107, 971, 1080], 'confidence': 0.7439489364624023}
2025-12-11 14:08:50,190 - 検出: {'class_name': 'pa-', 'coordinates': [32, 0, 1059, 1080], 'confidence': 0.9035260677337646}
2025-12-11 14:08:50,247 - 検出: {'class_name': 'pa-', 'coordinates': [52, 0, 1081, 1080], 'confidence': 0.9193817973136902}
2025-12-11 14:08:50,321 - 検出: {'class_name': 'pa-', 'coordinates': [38, 0, 1019, 1071], 'confidence': 0.9267390966415405}
2025-12-11 14:08:50,384 - 検出: {'class_name': 'pa-', 'coordinates': [4, 37, 971, 1080], 'confidence': 0.8803263902664185}
2025-12-11 14:08:50,454 - 検出: {'class_name': 'pa-', 'coordinates': [20, 53, 930, 890], 'confidence': 0.865431547164917}
2025-12-11 14:08:50,518 - 検出: {'class_name': 'pa-', 'coordinates': [37, 70, 913, 901], 'confidence': 0.728545606136322}
2025-12-11 14:08:50,582 - 検出: {'class_name': 'pa-', 'coordinates': [55, 102, 898, 919], 'confidence': 0.8182401061058044}
2025-12-11 14:08:50,656 - 検出: {'class_name': 'pa-', 'coordinates': [0, 106, 887, 1080], 'confidence': 0.3509509265422821}
2025-12-11 14:08:50,656 - 検出: {'class_name': 'tyoki', 'coordinates': [0, 106, 921, 1080], 'confidence': 0.2720274031162262}
2025-12-11 14:08:50,716 - 検出: {'class_name': 'tyoki', 'coordinates': [0, 35, 638, 1080], 'confidence': 0.5851361751556396}
2025-12-11 14:08:50,716 - 検出: {'class_name': 'pa-', 'coordinates': [0, 51, 626, 1080], 'confidence': 0.5216929316520691}
2025-12-11 14:08:50,914 - 検出: {'class_name': 'gu-', 'coordinates': [0, 576, 532, 1080], 'confidence': 0.344635933637619}
2025-12-11 14:08:50,989 - 検出: {'class_name': 'gu-', 'coordinates': [0, 603, 523, 1080], 'confidence': 0.3494185209274292}
2025-12-11 14:08:51,054 - 検出: {'class_name': 'gu-', 'coordinates': [0, 613, 523, 1080], 'confidence': 0.3902360498905182}
2025-12-11 14:08:51,120 - 検出: {'class_name': 'gu-', 'coordinates': [0, 604, 502, 1080], 'confidence': 0.39276358485221863}
2025-12-11 14:08:51,191 - 検出: {'class_name': 'gu-', 'coordinates': [0, 600, 503, 1080], 'confidence': 0.456428587436676}
2025-12-11 14:08:51,250 - 検出: {'class_name': 'gu-', 'coordinates': [0, 574, 542, 1080], 'confidence': 0.31725215911865234}
2025-12-11 14:08:51,317 - 検出: {'class_name': 'gu-', 'coordinates': [0, 502, 550, 1080], 'confidence': 0.645422637462616}
2025-12-11 14:08:51,387 - 検出: {'class_name': 'gu-', 'coordinates': [0, 461, 550, 1080], 'confidence': 0.8667672276496887}
2025-12-11 14:08:51,457 - 検出: {'class_name': 'gu-', 'coordinates': [0, 433, 573, 1080], 'confidence': 0.8432320356369019}
2025-12-11 14:08:51,517 - 検出: {'class_name': 'gu-', 'coordinates': [0, 397, 568, 1080], 'confidence': 0.8574857115745544}
2025-12-11 14:08:51,584 - 検出: {'class_name': 'gu-', 'coordinates': [0, 380, 548, 1079], 'confidence': 0.8684061765670776}
2025-12-11 14:08:51,651 - 検出: {'class_name': 'gu-', 'coordinates': [0, 372, 547, 1072], 'confidence': 0.8974193930625916}
2025-12-11 14:08:51,721 - 検出: {'class_name': 'gu-', 'coordinates': [0, 352, 512, 1067], 'confidence': 0.9227926731109619}
2025-12-11 14:08:51,790 - 検出: {'class_name': 'gu-', 'coordinates': [0, 339, 446, 1062], 'confidence': 0.8767898678779602}
2025-12-11 14:08:51,855 - 検出: {'class_name': 'gu-', 'coordinates': [0, 325, 391, 1055], 'confidence': 0.8071802854537964}
2025-12-11 14:08:51,920 - 検出: {'class_name': 'gu-', 'coordinates': [0, 308, 351, 1037], 'confidence': 0.7597779631614685}
2025-12-11 14:08:51,993 - 検出: {'class_name': 'gu-', 'coordinates': [0, 287, 398, 1031], 'confidence': 0.7186747789382935}
2025-12-11 14:08:52,055 - 検出: {'class_name': 'gu-', 'coordinates': [0, 292, 507, 1074], 'confidence': 0.7470800280570984}
2025-12-11 14:08:52,116 - 検出: {'class_name': 'gu-', 'coordinates': [0, 306, 672, 1080], 'confidence': 0.8971889615058899}
2025-12-11 14:08:52,182 - 検出: {'class_name': 'gu-', 'coordinates': [8, 337, 856, 1080], 'confidence': 0.9325246810913086}
2025-12-11 14:08:52,250 - 検出: {'class_name': 'gu-', 'coordinates': [169, 376, 983, 1080], 'confidence': 0.9448562860488892}
2025-12-11 14:08:52,322 - 検出: {'class_name': 'gu-', 'coordinates': [298, 385, 1102, 1080], 'confidence': 0.9226254224777222}
2025-12-11 14:08:52,390 - 検出: {'class_name': 'gu-', 'coordinates': [389, 365, 1159, 1080], 'confidence': 0.9444973468780518}
2025-12-11 14:08:52,454 - 検出: {'class_name': 'gu-', 'coordinates': [451, 344, 1201, 1079], 'confidence': 0.9434080719947815}
2025-12-11 14:08:52,520 - 検出: {'class_name': 'gu-', 'coordinates': [429, 336, 1240, 1079], 'confidence': 0.9396403431892395}
2025-12-11 14:08:52,593 - 検出: {'class_name': 'gu-', 'coordinates': [410, 340, 1267, 1080], 'confidence': 0.9438618421554565}
2025-12-11 14:08:52,649 - 検出: {'class_name': 'gu-', 'coordinates': [614, 344, 1298, 1078], 'confidence': 0.8823015093803406}
2025-12-11 14:08:52,723 - 検出: {'class_name': 'gu-', 'coordinates': [667, 358, 1302, 1074], 'confidence': 0.9310287237167358}
2025-12-11 14:08:52,786 - 検出: {'class_name': 'gu-', 'coordinates': [676, 371, 1301, 1073], 'confidence': 0.9433343410491943}
2025-12-11 14:08:52,850 - 検出: {'class_name': 'gu-', 'coordinates': [676, 375, 1302, 1074], 'confidence': 0.9351615905761719}
2025-12-11 14:08:52,920 - 検出: {'class_name': 'gu-', 'coordinates': [683, 358, 1297, 1074], 'confidence': 0.8701617121696472}
2025-12-11 14:08:52,986 - 検出: {'class_name': 'gu-', 'coordinates': [614, 227, 1362, 1079], 'confidence': 0.8276936411857605}
2025-12-11 14:08:53,053 - 検出: {'class_name': 'pa-', 'coordinates': [696, 65, 1429, 1080], 'confidence': 0.7805043458938599}
2025-12-11 14:08:53,053 - 検出: {'class_name': 'pa-', 'coordinates': [394, 66, 1441, 1080], 'confidence': 0.7226254940032959}
2025-12-11 14:08:53,125 - 検出: {'class_name': 'pa-', 'coordinates': [639, 84, 1441, 1076], 'confidence': 0.6389229893684387}
2025-12-11 14:08:53,181 - 検出: {'class_name': 'pa-', 'coordinates': [232, 171, 1346, 1080], 'confidence': 0.872202455997467}
2025-12-11 14:08:53,256 - 検出: {'class_name': 'pa-', 'coordinates': [127, 205, 1261, 1080], 'confidence': 0.9007750153541565}
2025-12-11 14:08:53,321 - 検出: {'class_name': 'pa-', 'coordinates': [168, 228, 1158, 1080], 'confidence': 0.5799686312675476}
2025-12-11 14:08:53,321 - 検出: {'class_name': 'tyoki', 'coordinates': [172, 228, 1162, 1080], 'confidence': 0.4450704753398895}
2025-12-11 14:08:53,389 - 検出: {'class_name': 'tyoki', 'coordinates': [191, 199, 1035, 1080], 'confidence': 0.9131677150726318}
2025-12-11 14:08:53,454 - 検出: {'class_name': 'tyoki', 'coordinates': [75, 166, 880, 1080], 'confidence': 0.8259097337722778}
2025-12-11 14:08:53,454 - 検出: {'class_name': 'pa-', 'coordinates': [72, 162, 887, 1080], 'confidence': 0.669073760509491}
2025-12-11 14:08:53,521 - 検出: {'class_name': 'tyoki', 'coordinates': [23, 183, 768, 1080], 'confidence': 0.6822836399078369}
2025-12-11 14:08:53,522 - 検出: {'class_name': 'pa-', 'coordinates': [12, 188, 767, 1080], 'confidence': 0.3975258767604828}
2025-12-11 14:08:53,584 - 検出: {'class_name': 'gu-', 'coordinates': [0, 329, 724, 1080], 'confidence': 0.6225178837776184}
2025-12-11 14:08:53,584 - 検出: {'class_name': 'pa-', 'coordinates': [0, 326, 725, 1080], 'confidence': 0.5154852271080017}
2025-12-11 14:08:53,653 - 検出: {'class_name': 'gu-', 'coordinates': [34, 370, 720, 1078], 'confidence': 0.8777716159820557}
2025-12-11 14:08:53,654 - 検出: {'class_name': 'pa-', 'coordinates': [32, 370, 724, 1080], 'confidence': 0.3683927655220032}
2025-12-11 14:08:53,719 - 検出: {'class_name': 'gu-', 'coordinates': [82, 456, 715, 1079], 'confidence': 0.9204309582710266}
2025-12-11 14:08:53,783 - 検出: {'class_name': 'pa-', 'coordinates': [0, 189, 826, 1080], 'confidence': 0.8740068674087524}
2025-12-11 14:08:53,854 - 検出: {'class_name': 'pa-', 'coordinates': [102, 11, 1081, 1080], 'confidence': 0.9027650952339172}
2025-12-11 14:08:53,920 - 検出: {'class_name': 'pa-', 'coordinates': [65, 25, 1092, 1080], 'confidence': 0.8641943335533142}
2025-12-11 14:08:53,987 - 検出: {'class_name': 'pa-', 'coordinates': [75, 37, 1092, 1080], 'confidence': 0.917215883731842}
2025-12-11 14:08:54,053 - 検出: {'class_name': 'pa-', 'coordinates': [40, 37, 1081, 1075], 'confidence': 0.9027185440063477}
2025-12-11 14:08:54,123 - 検出: {'class_name': 'pa-', 'coordinates': [36, 40, 1057, 1055], 'confidence': 0.9048061370849609}
2025-12-11 14:08:54,185 - 検出: {'class_name': 'pa-', 'coordinates': [25, 44, 1029, 1080], 'confidence': 0.9199361801147461}
2025-12-11 14:08:54,258 - 検出: {'class_name': 'pa-', 'coordinates': [27, 42, 1015, 1080], 'confidence': 0.9217232465744019}
2025-12-11 14:08:54,320 - 検出: {'class_name': 'pa-', 'coordinates': [32, 35, 1003, 1080], 'confidence': 0.9137232303619385}
2025-12-11 14:08:54,384 - 検出: {'class_name': 'pa-', 'coordinates': [33, 42, 993, 1080], 'confidence': 0.9077379703521729}
2025-12-11 14:08:54,457 - 検出: {'class_name': 'pa-', 'coordinates': [34, 46, 976, 1080], 'confidence': 0.8842366337776184}
2025-12-11 14:08:54,521 - 検出: {'class_name': 'pa-', 'coordinates': [36, 47, 966, 1080], 'confidence': 0.9110969305038452}
2025-12-11 14:08:54,584 - 検出: {'class_name': 'pa-', 'coordinates': [25, 48, 958, 1080], 'confidence': 0.9202684760093689}
2025-12-11 14:08:54,651 - 検出: {'class_name': 'pa-', 'coordinates': [28, 43, 957, 1080], 'confidence': 0.931103527545929}
2025-12-11 14:08:54,717 - 検出: {'class_name': 'pa-', 'coordinates': [38, 36, 967, 1080], 'confidence': 0.9136625528335571}
2025-12-11 14:08:54,785 - 検出: {'class_name': 'pa-', 'coordinates': [38, 33, 965, 1080], 'confidence': 0.9100227355957031}
2025-12-11 14:08:54,850 - 検出: {'class_name': 'pa-', 'coordinates': [34, 29, 940, 1080], 'confidence': 0.940514862537384}
2025-12-11 14:08:54,917 - 検出: {'class_name': 'pa-', 'coordinates': [26, 24, 931, 1080], 'confidence': 0.9281573295593262}
2025-12-11 14:08:54,991 - 検出: {'class_name': 'pa-', 'coordinates': [19, 23, 925, 1080], 'confidence': 0.9270221590995789}
2025-12-11 14:08:55,060 - 検出: {'class_name': 'pa-', 'coordinates': [11, 23, 906, 1080], 'confidence': 0.9213717579841614}
2025-12-11 14:08:55,119 - 検出: {'class_name': 'pa-', 'coordinates': [12, 22, 901, 989], 'confidence': 0.9268754124641418}
2025-12-11 14:08:55,182 - 検出: {'class_name': 'pa-', 'coordinates': [12, 25, 897, 1080], 'confidence': 0.9220784902572632}
2025-12-11 14:08:55,252 - 検出: {'class_name': 'pa-', 'coordinates': [20, 23, 897, 1080], 'confidence': 0.9320762753486633}
2025-12-11 14:08:55,316 - 検出: {'class_name': 'pa-', 'coordinates': [21, 21, 896, 1080], 'confidence': 0.9194046854972839}
2025-12-11 14:08:55,389 - 検出: {'class_name': 'pa-', 'coordinates': [28, 10, 895, 1080], 'confidence': 0.9329226016998291}
2025-12-11 14:08:55,455 - 検出: {'class_name': 'pa-', 'coordinates': [25, 5, 896, 1080], 'confidence': 0.9319332242012024}
2025-12-11 14:08:55,566 - 検出: {'class_name': 'pa-', 'coordinates': [31, 5, 901, 1080], 'confidence': 0.9323928356170654}
2025-12-11 14:08:55,612 - 検出: {'class_name': 'pa-', 'coordinates': [32, 4, 902, 1080], 'confidence': 0.9333576560020447}
2025-12-11 14:08:55,679 - 検出: {'class_name': 'pa-', 'coordinates': [30, 4, 897, 1080], 'confidence': 0.9256410598754883}
2025-12-11 14:08:55,757 - 検出: {'class_name': 'pa-', 'coordinates': [33, 0, 893, 1080], 'confidence': 0.9280713796615601}
2025-12-11 14:08:55,820 - 検出: {'class_name': 'pa-', 'coordinates': [29, 0, 891, 1080], 'confidence': 0.9290422797203064}
2025-12-11 14:08:55,894 - 検出: {'class_name': 'pa-', 'coordinates': [28, 0, 890, 987], 'confidence': 0.9231071472167969}
2025-12-11 14:08:55,964 - 検出: {'class_name': 'pa-', 'coordinates': [31, 0, 893, 1080], 'confidence': 0.9216246008872986}
2025-12-11 14:08:56,016 - 検出: {'class_name': 'pa-', 'coordinates': [33, 0, 892, 1080], 'confidence': 0.9094765782356262}
2025-12-11 14:08:56,016 - 検出: {'class_name': 'pa-', 'coordinates': [40, 0, 885, 786], 'confidence': 0.6487842798233032}
2025-12-11 14:08:56,088 - 検出: {'class_name': 'pa-', 'coordinates': [26, 0, 887, 1080], 'confidence': 0.8995863199234009}
2025-12-11 14:08:56,088 - 検出: {'class_name': 'pa-', 'coordinates': [34, 0, 874, 808], 'confidence': 0.6425679326057434}
2025-12-11 14:08:56,153 - 検出: {'class_name': 'pa-', 'coordinates': [24, 0, 874, 1080], 'confidence': 0.8751614689826965}
2025-12-11 14:08:56,153 - 検出: {'class_name': 'pa-', 'coordinates': [31, 0, 859, 818], 'confidence': 0.6254327297210693}
2025-12-11 14:08:56,216 - 検出: {'class_name': 'pa-', 'coordinates': [22, 0, 873, 1080], 'confidence': 0.8843235373497009}
2025-12-11 14:08:56,286 - 検出: {'class_name': 'pa-', 'coordinates': [20, 0, 871, 1080], 'confidence': 0.9077931642532349}
2025-12-11 14:08:56,286 - 検出: {'class_name': 'pa-', 'coordinates': [30, 0, 865, 821], 'confidence': 0.7008137702941895}
2025-12-11 14:08:56,352 - 検出: {'class_name': 'pa-', 'coordinates': [15, 0, 865, 1080], 'confidence': 0.8893663287162781}
2025-12-11 14:08:56,353 - 検出: {'class_name': 'pa-', 'coordinates': [23, 0, 860, 839], 'confidence': 0.6373347640037537}
2025-12-11 14:08:56,421 - 検出: {'class_name': 'pa-', 'coordinates': [6, 0, 857, 1080], 'confidence': 0.8715845346450806}
2025-12-11 14:08:56,485 - 検出: {'class_name': 'pa-', 'coordinates': [0, 0, 830, 1080], 'confidence': 0.8651823997497559}
2025-12-11 14:08:56,558 - 検出: {'class_name': 'pa-', 'coordinates': [0, 0, 820, 1080], 'confidence': 0.8742656707763672}
2025-12-11 14:08:56,616 - 検出: {'class_name': 'pa-', 'coordinates': [0, 0, 806, 779], 'confidence': 0.9060957431793213}
2025-12-11 14:08:56,684 - 検出: {'class_name': 'pa-', 'coordinates': [0, 0, 803, 793], 'confidence': 0.8722240924835205}
2025-12-11 14:08:56,755 - 検出: {'class_name': 'pa-', 'coordinates': [2, 0, 813, 1060], 'confidence': 0.8591378927230835}
2025-12-11 14:08:56,815 - 検出: {'class_name': 'pa-', 'coordinates': [1, 0, 820, 1080], 'confidence': 0.856838047504425}
2025-12-11 14:08:56,885 - 検出: {'class_name': 'pa-', 'coordinates': [0, 0, 823, 1080], 'confidence': 0.8500144481658936}
2025-12-11 14:08:56,954 - 検出: {'class_name': 'pa-', 'coordinates': [0, 0, 829, 941], 'confidence': 0.9005724191665649}
2025-12-11 14:08:57,016 - 検出: {'class_name': 'pa-', 'coordinates': [0, 0, 837, 963], 'confidence': 0.8947339057922363}
2025-12-11 14:08:57,081 - 検出: {'class_name': 'pa-', 'coordinates': [0, 0, 843, 1080], 'confidence': 0.9139394760131836}
2025-12-11 14:08:57,160 - 検出: {'class_name': 'pa-', 'coordinates': [0, 0, 883, 1080], 'confidence': 0.8261173367500305}
2025-12-11 14:08:57,217 - 検出: {'class_name': 'pa-', 'coordinates': [11, 0, 924, 1080], 'confidence': 0.8873310089111328}
2025-12-11 14:08:57,284 - 検出: {'class_name': 'pa-', 'coordinates': [0, 0, 993, 1080], 'confidence': 0.924971878528595}
2025-12-11 14:08:57,360 - 検出: {'class_name': 'pa-', 'coordinates': [0, 0, 1027, 1080], 'confidence': 0.9301097989082336}
2025-12-11 14:08:57,417 - 検出: {'class_name': 'pa-', 'coordinates': [1, 0, 1081, 1080], 'confidence': 0.9526773691177368}
2025-12-11 14:08:57,486 - 検出: {'class_name': 'pa-', 'coordinates': [24, 0, 1116, 1080], 'confidence': 0.9531345963478088}
2025-12-11 14:08:57,554 - 検出: {'class_name': 'pa-', 'coordinates': [51, 0, 1150, 1080], 'confidence': 0.9552581310272217}
2025-12-11 14:08:57,617 - 検出: {'class_name': 'pa-', 'coordinates': [76, 8, 1165, 1080], 'confidence': 0.9552566409111023}
2025-12-11 14:08:57,688 - 検出: {'class_name': 'pa-', 'coordinates': [123, 47, 1167, 1080], 'confidence': 0.9528493881225586}
2025-12-11 14:08:57,749 - 検出: {'class_name': 'pa-', 'coordinates': [215, 80, 1176, 1075], 'confidence': 0.9578592777252197}
2025-12-11 14:08:57,821 - 検出: {'class_name': 'pa-', 'coordinates': [279, 119, 1218, 1070], 'confidence': 0.9516299962997437}
2025-12-11 14:08:57,889 - 検出: {'class_name': 'pa-', 'coordinates': [328, 136, 1249, 1072], 'confidence': 0.8997918963432312}
2025-12-11 14:08:57,954 - 検出: {'class_name': 'pa-', 'coordinates': [392, 146, 1266, 1070], 'confidence': 0.9162477254867554}
2025-12-11 14:08:58,020 - 検出: {'class_name': 'pa-', 'coordinates': [399, 158, 1295, 1061], 'confidence': 0.9250933527946472}
2025-12-11 14:08:58,093 - 検出: {'class_name': 'pa-', 'coordinates': [574, 171, 1316, 1050], 'confidence': 0.9124426245689392}
2025-12-11 14:08:58,158 - 検出: {'class_name': 'pa-', 'coordinates': [597, 188, 1337, 1062], 'confidence': 0.936087965965271}
2025-12-11 14:08:58,219 - 検出: {'class_name': 'pa-', 'coordinates': [616, 200, 1354, 1070], 'confidence': 0.9432161450386047}
2025-12-11 14:08:58,288 - 検出: {'class_name': 'pa-', 'coordinates': [641, 199, 1352, 1052], 'confidence': 0.932572603225708}
2025-12-11 14:08:58,345 - 検出: {'class_name': 'pa-', 'coordinates': [676, 200, 1354, 1021], 'confidence': 0.9186576008796692}
2025-12-11 14:08:58,420 - 検出: {'class_name': 'pa-', 'coordinates': [692, 201, 1359, 986], 'confidence': 0.9222930669784546}
2025-12-11 14:08:58,487 - 検出: {'class_name': 'pa-', 'coordinates': [697, 203, 1348, 954], 'confidence': 0.9437416195869446}
2025-12-11 14:08:58,555 - 検出: {'class_name': 'pa-', 'coordinates': [757, 206, 1326, 951], 'confidence': 0.9446260333061218}
2025-12-11 14:08:58,619 - 検出: {'class_name': 'pa-', 'coordinates': [698, 201, 1306, 938], 'confidence': 0.9142523407936096}
2025-12-11 14:08:58,693 - 検出: {'class_name': 'pa-', 'coordinates': [689, 171, 1302, 925], 'confidence': 0.9219546318054199}
2025-12-11 14:08:58,751 - 検出: {'class_name': 'pa-', 'coordinates': [665, 129, 1301, 884], 'confidence': 0.9126065969467163}
2025-12-11 14:08:58,821 - 検出: {'class_name': 'pa-', 'coordinates': [652, 87, 1288, 859], 'confidence': 0.9376130104064941}
2025-12-11 14:08:58,902 - 検出: {'class_name': 'pa-', 'coordinates': [623, 65, 1268, 863], 'confidence': 0.9485673308372498}
2025-12-11 14:08:58,979 - 検出: {'class_name': 'pa-', 'coordinates': [602, 67, 1241, 895], 'confidence': 0.9338148236274719}
2025-12-11 14:08:59,053 - 検出: {'class_name': 'pa-', 'coordinates': [583, 81, 1230, 944], 'confidence': 0.9092870950698853}
2025-12-11 14:08:59,117 - 検出: {'class_name': 'pa-', 'coordinates': [578, 114, 1223, 956], 'confidence': 0.9274920225143433}
2025-12-11 14:08:59,182 - 検出: {'class_name': 'pa-', 'coordinates': [585, 136, 1218, 966], 'confidence': 0.9039871096611023}
2025-12-11 14:08:59,252 - 検出: {'class_name': 'pa-', 'coordinates': [588, 137, 1215, 960], 'confidence': 0.9108849167823792}
2025-12-11 14:08:59,315 - 検出: {'class_name': 'pa-', 'coordinates': [585, 129, 1205, 942], 'confidence': 0.9065635204315186}
2025-12-11 14:08:59,386 - 検出: {'class_name': 'pa-', 'coordinates': [604, 115, 1202, 886], 'confidence': 0.8902600407600403}
2025-12-11 14:08:59,453 - 検出: {'class_name': 'pa-', 'coordinates': [617, 101, 1194, 863], 'confidence': 0.8717273473739624}
2025-12-11 14:08:59,518 - 検出: {'class_name': 'pa-', 'coordinates': [641, 97, 1190, 844], 'confidence': 0.7633112072944641}
2025-12-11 14:08:59,518 - 検出: {'class_name': 'tyoki', 'coordinates': [642, 95, 1187, 833], 'confidence': 0.6577926874160767}
2025-12-11 14:08:59,587 - 検出: {'class_name': 'tyoki', 'coordinates': [641, 98, 1183, 846], 'confidence': 0.6913442611694336}
2025-12-11 14:08:59,587 - 検出: {'class_name': 'pa-', 'coordinates': [640, 99, 1184, 847], 'confidence': 0.6706714630126953}
2025-12-11 14:08:59,654 - 検出: {'class_name': 'pa-', 'coordinates': [642, 102, 1180, 845], 'confidence': 0.8268582820892334}
2025-12-11 14:08:59,654 - 検出: {'class_name': 'tyoki', 'coordinates': [644, 103, 1180, 844], 'confidence': 0.4892652928829193}
2025-12-11 14:08:59,721 - 検出: {'class_name': 'pa-', 'coordinates': [644, 102, 1181, 840], 'confidence': 0.8486487865447998}
2025-12-11 14:08:59,721 - 検出: {'class_name': 'tyoki', 'coordinates': [647, 103, 1180, 838], 'confidence': 0.4284626841545105}
2025-12-11 14:08:59,787 - 検出: {'class_name': 'pa-', 'coordinates': [646, 101, 1175, 828], 'confidence': 0.790692925453186}
2025-12-11 14:08:59,788 - 検出: {'class_name': 'tyoki', 'coordinates': [650, 100, 1176, 814], 'confidence': 0.5625929236412048}
2025-12-11 14:08:59,853 - 検出: {'class_name': 'pa-', 'coordinates': [647, 96, 1163, 802], 'confidence': 0.7535095810890198}
2025-12-11 14:08:59,922 - 検出: {'class_name': 'pa-', 'coordinates': [651, 62, 1154, 784], 'confidence': 0.8974568247795105}
2025-12-11 14:08:59,996 - 検出: {'class_name': 'gu-', 'coordinates': [661, 128, 1092, 772], 'confidence': 0.7417046427726746}
2025-12-11 14:08:59,997 - 検出: {'class_name': 'pa-', 'coordinates': [656, 127, 1093, 770], 'confidence': 0.26546186208724976}
2025-12-11 14:09:00,062 - 検出: {'class_name': 'gu-', 'coordinates': [653, 259, 1055, 721], 'confidence': 0.8896921873092651}
2025-12-11 14:09:00,122 - 検出: {'class_name': 'gu-', 'coordinates': [654, 278, 1059, 733], 'confidence': 0.9546988010406494}
2025-12-11 14:09:00,191 - 検出: {'class_name': 'gu-', 'coordinates': [666, 287, 1062, 727], 'confidence': 0.9556878209114075}
2025-12-11 14:09:00,256 - 検出: {'class_name': 'gu-', 'coordinates': [664, 297, 1073, 721], 'confidence': 0.9506323337554932}
2025-12-11 14:09:00,322 - 検出: {'class_name': 'gu-', 'coordinates': [663, 323, 1088, 741], 'confidence': 0.9645342230796814}
2025-12-11 14:09:00,390 - 検出: {'class_name': 'gu-', 'coordinates': [661, 338, 1093, 762], 'confidence': 0.8863618969917297}
2025-12-11 14:09:00,454 - 検出: {'class_name': 'gu-', 'coordinates': [660, 353, 1100, 778], 'confidence': 0.9288777112960815}
2025-12-11 14:09:00,521 - 検出: {'class_name': 'gu-', 'coordinates': [667, 359, 1104, 776], 'confidence': 0.9695941805839539}
2025-12-11 14:09:00,592 - 検出: {'class_name': 'gu-', 'coordinates': [669, 359, 1103, 774], 'confidence': 0.9597340226173401}
2025-12-11 14:09:00,656 - 検出: {'class_name': 'gu-', 'coordinates': [671, 345, 1091, 752], 'confidence': 0.9223229289054871}
2025-12-11 14:09:00,726 - 検出: {'class_name': 'gu-', 'coordinates': [670, 327, 1083, 751], 'confidence': 0.9540687203407288}
2025-12-11 14:09:00,786 - 検出: {'class_name': 'gu-', 'coordinates': [652, 306, 1075, 772], 'confidence': 0.9247817993164062}
2025-12-11 14:09:00,856 - 検出: {'class_name': 'gu-', 'coordinates': [640, 263, 1078, 772], 'confidence': 0.8772454857826233}
2025-12-11 14:09:00,922 - 検出: {'class_name': 'gu-', 'coordinates': [659, 299, 1089, 770], 'confidence': 0.9316772818565369}
2025-12-11 14:09:00,981 - 検出: {'class_name': 'gu-', 'coordinates': [662, 360, 1084, 785], 'confidence': 0.9181374907493591}
2025-12-11 14:09:01,059 - 検出: {'class_name': 'gu-', 'coordinates': [657, 373, 1085, 784], 'confidence': 0.9676027894020081}
2025-12-11 14:09:01,122 - 検出: {'class_name': 'gu-', 'coordinates': [659, 374, 1085, 791], 'confidence': 0.9605626463890076}
2025-12-11 14:09:01,185 - 検出: {'class_name': 'gu-', 'coordinates': [662, 374, 1084, 786], 'confidence': 0.9617733955383301}
2025-12-11 14:09:01,255 - 検出: {'class_name': 'gu-', 'coordinates': [659, 372, 1074, 773], 'confidence': 0.9763985276222229}
2025-12-11 14:09:01,324 - 検出: {'class_name': 'gu-', 'coordinates': [661, 339, 1063, 760], 'confidence': 0.878960907459259}
2025-12-11 14:09:01,400 - 検出: {'class_name': 'gu-', 'coordinates': [640, 295, 1069, 762], 'confidence': 0.9482962489128113}
2025-12-11 14:09:01,457 - 検出: {'class_name': 'gu-', 'coordinates': [619, 249, 1069, 754], 'confidence': 0.8229468464851379}
2025-12-11 14:09:01,529 - 検出: {'class_name': 'gu-', 'coordinates': [623, 216, 1075, 769], 'confidence': 0.6534867286682129}
2025-12-11 14:09:01,586 - 検出: {'class_name': 'gu-', 'coordinates': [649, 203, 1076, 775], 'confidence': 0.4271797835826874}
2025-12-11 14:09:01,658 - 検出: {'class_name': 'gu-', 'coordinates': [671, 272, 1086, 755], 'confidence': 0.9571835398674011}
2025-12-11 14:09:01,722 - 検出: {'class_name': 'gu-', 'coordinates': [689, 347, 1085, 772], 'confidence': 0.7680396437644958}
2025-12-11 14:09:01,790 - 検出: {'class_name': 'gu-', 'coordinates': [674, 375, 1077, 765], 'confidence': 0.9605779647827148}
2025-12-11 14:09:01,857 - 検出: {'class_name': 'gu-', 'coordinates': [676, 370, 1080, 772], 'confidence': 0.9462695717811584}
2025-12-11 14:09:01,919 - 検出: {'class_name': 'gu-', 'coordinates': [687, 358, 1092, 781], 'confidence': 0.929073691368103}
2025-12-11 14:09:01,985 - 検出: {'class_name': 'gu-', 'coordinates': [704, 355, 1104, 768], 'confidence': 0.9663586020469666}
2025-12-11 14:09:02,051 - 検出: {'class_name': 'gu-', 'coordinates': [707, 345, 1111, 780], 'confidence': 0.9257665872573853}
2025-12-11 14:09:02,129 - 検出: {'class_name': 'gu-', 'coordinates': [709, 335, 1106, 760], 'confidence': 0.9139577746391296}
2025-12-11 14:09:02,189 - 検出: {'class_name': 'gu-', 'coordinates': [702, 334, 1093, 750], 'confidence': 0.8812676668167114}
2025-12-11 14:09:02,259 - 検出: {'class_name': 'gu-', 'coordinates': [686, 316, 1082, 746], 'confidence': 0.9547141194343567}
2025-12-11 14:09:02,313 - 検出: {'class_name': 'gu-', 'coordinates': [680, 305, 1068, 746], 'confidence': 0.9281203746795654}
2025-12-11 14:09:02,385 - 検出: {'class_name': 'gu-', 'coordinates': [670, 302, 1067, 752], 'confidence': 0.9392110109329224}
2025-12-11 14:09:02,453 - 検出: {'class_name': 'gu-', 'coordinates': [677, 305, 1066, 749], 'confidence': 0.9238939881324768}
2025-12-11 14:09:02,518 - 検出: {'class_name': 'gu-', 'coordinates': [690, 315, 1084, 724], 'confidence': 0.9383638501167297}
2025-12-11 14:09:02,587 - 検出: {'class_name': 'gu-', 'coordinates': [702, 308, 1089, 729], 'confidence': 0.9446130394935608}
2025-12-11 14:09:02,660 - 検出: {'class_name': 'gu-', 'coordinates': [694, 307, 1082, 706], 'confidence': 0.9295377731323242}
2025-12-11 14:09:02,723 - 検出: {'class_name': 'gu-', 'coordinates': [679, 310, 1062, 710], 'confidence': 0.9587727785110474}
2025-12-11 14:09:02,794 - 検出: {'class_name': 'gu-', 'coordinates': [658, 318, 1053, 706], 'confidence': 0.9529134631156921}
2025-12-11 14:09:02,860 - 検出: {'class_name': 'gu-', 'coordinates': [649, 327, 1043, 696], 'confidence': 0.9554977416992188}
2025-12-11 14:09:02,923 - 検出: {'class_name': 'gu-', 'coordinates': [634, 332, 1033, 709], 'confidence': 0.9584477543830872}
2025-12-11 14:09:02,990 - 検出: {'class_name': 'gu-', 'coordinates': [614, 335, 1018, 731], 'confidence': 0.9372373819351196}
2025-12-11 14:09:03,058 - 検出: {'class_name': 'gu-', 'coordinates': [600, 348, 1007, 748], 'confidence': 0.9384815692901611}
2025-12-11 14:09:03,120 - 検出: {'class_name': 'gu-', 'coordinates': [587, 358, 998, 796], 'confidence': 0.9364025592803955}
2025-12-11 14:09:03,191 - 検出: {'class_name': 'gu-', 'coordinates': [590, 371, 992, 806], 'confidence': 0.9515756964683533}
2025-12-11 14:09:03,261 - 検出: {'class_name': 'gu-', 'coordinates': [597, 371, 987, 799], 'confidence': 0.9721387028694153}
2025-12-11 14:09:03,321 - 検出: {'class_name': 'gu-', 'coordinates': [608, 363, 992, 784], 'confidence': 0.9727045297622681}
2025-12-11 14:09:03,393 - 検出: {'class_name': 'gu-', 'coordinates': [609, 349, 997, 773], 'confidence': 0.9482384920120239}
2025-12-11 14:09:03,458 - 検出: {'class_name': 'gu-', 'coordinates': [616, 341, 1007, 770], 'confidence': 0.9432995319366455}
2025-12-11 14:09:03,523 - 検出: {'class_name': 'gu-', 'coordinates': [627, 339, 1017, 752], 'confidence': 0.9307309985160828}
2025-12-11 14:09:03,589 - 検出: {'class_name': 'gu-', 'coordinates': [630, 349, 1032, 762], 'confidence': 0.9589623212814331}
2025-12-11 14:09:03,660 - 検出: {'class_name': 'gu-', 'coordinates': [638, 364, 1048, 784], 'confidence': 0.9429004192352295}
2025-12-11 14:09:03,722 - 検出: {'class_name': 'gu-', 'coordinates': [647, 375, 1061, 798], 'confidence': 0.9235327839851379}
2025-12-11 14:09:03,795 - 検出: {'class_name': 'gu-', 'coordinates': [652, 381, 1066, 828], 'confidence': 0.904362678527832}
2025-12-11 14:09:03,859 - 検出: {'class_name': 'gu-', 'coordinates': [655, 382, 1077, 832], 'confidence': 0.9077866077423096}
2025-12-11 14:09:03,925 - 検出: {'class_name': 'gu-', 'coordinates': [654, 377, 1082, 824], 'confidence': 0.8915233612060547}
2025-12-11 14:09:03,991 - 検出: {'class_name': 'gu-', 'coordinates': [660, 377, 1089, 822], 'confidence': 0.8824605941772461}
2025-12-11 14:09:04,053 - 検出: {'class_name': 'gu-', 'coordinates': [659, 380, 1085, 820], 'confidence': 0.8809432983398438}
2025-12-11 14:09:04,118 - 検出: {'class_name': 'gu-', 'coordinates': [655, 390, 1083, 816], 'confidence': 0.9163784384727478}
2025-12-11 14:09:04,193 - 検出: {'class_name': 'gu-', 'coordinates': [649, 394, 1074, 808], 'confidence': 0.9207419157028198}
2025-12-11 14:09:04,258 - 検出: {'class_name': 'gu-', 'coordinates': [645, 398, 1064, 805], 'confidence': 0.9249055981636047}
2025-12-11 14:09:04,323 - 検出: {'class_name': 'gu-', 'coordinates': [645, 396, 1065, 795], 'confidence': 0.9050928950309753}
2025-12-11 14:09:04,392 - 検出: {'class_name': 'gu-', 'coordinates': [654, 393, 1081, 812], 'confidence': 0.9146147966384888}
2025-12-11 14:09:04,457 - 検出: {'class_name': 'gu-', 'coordinates': [666, 394, 1094, 833], 'confidence': 0.8895121216773987}
2025-12-11 14:09:04,525 - 検出: {'class_name': 'gu-', 'coordinates': [686, 399, 1108, 849], 'confidence': 0.8903862833976746}
2025-12-11 14:09:04,590 - 検出: {'class_name': 'gu-', 'coordinates': [714, 393, 1141, 841], 'confidence': 0.9174238443374634}
2025-12-11 14:09:04,658 - 検出: {'class_name': 'gu-', 'coordinates': [727, 382, 1164, 839], 'confidence': 0.8773702383041382}
2025-12-11 14:09:04,726 - 検出: {'class_name': 'gu-', 'coordinates': [704, 386, 1139, 837], 'confidence': 0.8644368648529053}
2025-12-11 14:09:04,794 - 検出: {'class_name': 'gu-', 'coordinates': [594, 389, 1014, 844], 'confidence': 0.7871809005737305}
2025-12-11 14:09:04,859 - 検出: {'class_name': 'gu-', 'coordinates': [183, 374, 864, 1025], 'confidence': 0.9183809161186218}
2025-12-11 14:09:04,924 - 検出: {'class_name': 'gu-', 'coordinates': [198, 385, 712, 888], 'confidence': 0.8379834890365601}
2025-12-11 14:09:04,995 - 検出: {'class_name': 'gu-', 'coordinates': [136, 378, 603, 815], 'confidence': 0.8903210163116455}
2025-12-11 14:09:05,057 - 検出: {'class_name': 'gu-', 'coordinates': [75, 356, 537, 849], 'confidence': 0.9243417978286743}
2025-12-11 14:09:05,124 - 検出: {'class_name': 'gu-', 'coordinates': [2, 372, 461, 950], 'confidence': 0.8954362273216248}
2025-12-11 14:09:05,194 - 検出: {'class_name': 'gu-', 'coordinates': [0, 374, 385, 979], 'confidence': 0.8633890151977539}
2025-12-11 14:09:05,256 - 検出: {'class_name': 'gu-', 'coordinates': [0, 379, 330, 973], 'confidence': 0.7950125932693481}
2025-12-11 14:09:05,326 - 検出: {'class_name': 'gu-', 'coordinates': [0, 392, 309, 962], 'confidence': 0.773561418056488}
2025-12-11 14:09:05,388 - 検出: {'class_name': 'gu-', 'coordinates': [0, 393, 298, 955], 'confidence': 0.7999493479728699}
2025-12-11 14:09:05,459 - 検出: {'class_name': 'gu-', 'coordinates': [1, 401, 295, 980], 'confidence': 0.7257152795791626}
2025-12-11 14:09:05,527 - 検出: {'class_name': 'gu-', 'coordinates': [0, 413, 296, 986], 'confidence': 0.7571555972099304}
2025-12-11 14:09:05,588 - 検出: {'class_name': 'gu-', 'coordinates': [0, 410, 318, 1000], 'confidence': 0.6941114068031311}
2025-12-11 14:09:05,659 - 検出: {'class_name': 'gu-', 'coordinates': [0, 416, 339, 997], 'confidence': 0.7769153118133545}
2025-12-11 14:09:05,727 - 検出: {'class_name': 'gu-', 'coordinates': [0, 421, 354, 837], 'confidence': 0.9167497754096985}
2025-12-11 14:09:05,786 - 検出: {'class_name': 'gu-', 'coordinates': [0, 425, 367, 834], 'confidence': 0.9197275638580322}
2025-12-11 14:09:05,787 - 検出: {'class_name': 'gu-', 'coordinates': [0, 428, 366, 1017], 'confidence': 0.5067963600158691}
2025-12-11 14:09:05,858 - 検出: {'class_name': 'gu-', 'coordinates': [0, 430, 379, 833], 'confidence': 0.8328754305839539}
2025-12-11 14:09:05,858 - 検出: {'class_name': 'gu-', 'coordinates': [0, 432, 378, 1011], 'confidence': 0.5303038954734802}
2025-12-11 14:09:05,926 - 検出: {'class_name': 'gu-', 'coordinates': [0, 433, 385, 828], 'confidence': 0.814179539680481}
2025-12-11 14:09:05,991 - 検出: {'class_name': 'gu-', 'coordinates': [8, 434, 414, 836], 'confidence': 0.8795977234840393}
2025-12-11 14:09:06,058 - 検出: {'class_name': 'gu-', 'coordinates': [38, 436, 456, 837], 'confidence': 0.8957197666168213}
2025-12-11 14:09:06,124 - 検出: {'class_name': 'gu-', 'coordinates': [75, 440, 482, 846], 'confidence': 0.8179552555084229}
2025-12-11 14:09:06,193 - 検出: {'class_name': 'gu-', 'coordinates': [126, 447, 544, 967], 'confidence': 0.904639482498169}
2025-12-11 14:09:06,262 - 検出: {'class_name': 'gu-', 'coordinates': [216, 450, 624, 876], 'confidence': 0.9027044773101807}
2025-12-11 14:09:06,326 - 検出: {'class_name': 'gu-', 'coordinates': [283, 454, 733, 874], 'confidence': 0.9184463024139404}
2025-12-11 14:09:06,393 - 検出: {'class_name': 'gu-', 'coordinates': [271, 442, 843, 957], 'confidence': 0.9110621213912964}
2025-12-11 14:09:06,461 - 検出: {'class_name': 'gu-', 'coordinates': [268, 444, 931, 990], 'confidence': 0.725154459476471}
2025-12-11 14:09:06,461 - 検出: {'class_name': 'gu-', 'coordinates': [519, 446, 924, 879], 'confidence': 0.5770538449287415}
2025-12-11 14:09:06,530 - 検出: {'class_name': 'gu-', 'coordinates': [591, 455, 995, 875], 'confidence': 0.9202620387077332}
2025-12-11 14:09:06,592 - 検出: {'class_name': 'gu-', 'coordinates': [658, 478, 1034, 881], 'confidence': 0.9577164649963379}
2025-12-11 14:09:06,666 - 検出: {'class_name': 'gu-', 'coordinates': [702, 494, 1080, 891], 'confidence': 0.9494447112083435}
2025-12-11 14:09:06,731 - 検出: {'class_name': 'gu-', 'coordinates': [744, 518, 1104, 929], 'confidence': 0.9709488749504089}
2025-12-11 14:09:06,793 - 検出: {'class_name': 'gu-', 'coordinates': [775, 528, 1137, 935], 'confidence': 0.9594472050666809}
2025-12-11 14:09:06,861 - 検出: {'class_name': 'gu-', 'coordinates': [807, 532, 1160, 944], 'confidence': 0.9494326710700989}
2025-12-11 14:09:06,922 - 検出: {'class_name': 'gu-', 'coordinates': [845, 535, 1196, 945], 'confidence': 0.9518991112709045}
2025-12-11 14:09:06,997 - 検出: {'class_name': 'gu-', 'coordinates': [894, 540, 1229, 935], 'confidence': 0.9514790773391724}
2025-12-11 14:09:07,059 - 検出: {'class_name': 'gu-', 'coordinates': [930, 549, 1247, 936], 'confidence': 0.923545777797699}
2025-12-11 14:09:07,123 - 検出: {'class_name': 'gu-', 'coordinates': [955, 569, 1253, 945], 'confidence': 0.9285118579864502}
2025-12-11 14:09:07,196 - 検出: {'class_name': 'gu-', 'coordinates': [966, 577, 1255, 950], 'confidence': 0.9436627626419067}
2025-12-11 14:09:07,265 - 検出: {'class_name': 'gu-', 'coordinates': [969, 585, 1250, 948], 'confidence': 0.898926317691803}
2025-12-11 14:09:07,326 - 検出: {'class_name': 'gu-', 'coordinates': [980, 591, 1243, 934], 'confidence': 0.8567549586296082}
2025-12-11 14:09:07,391 - 検出: {'class_name': 'gu-', 'coordinates': [972, 590, 1229, 926], 'confidence': 0.926863431930542}
2025-12-11 14:09:07,463 - 検出: {'class_name': 'gu-', 'coordinates': [969, 583, 1224, 915], 'confidence': 0.9346024990081787}
2025-12-11 14:09:07,524 - 検出: {'class_name': 'gu-', 'coordinates': [964, 574, 1217, 892], 'confidence': 0.9336820244789124}
2025-12-11 14:09:07,591 - 検出: {'class_name': 'gu-', 'coordinates': [931, 544, 1192, 878], 'confidence': 0.9210046529769897}
2025-12-11 14:09:07,666 - 検出: {'class_name': 'gu-', 'coordinates': [906, 513, 1168, 845], 'confidence': 0.9398243427276611}
2025-12-11 14:09:07,726 - 検出: {'class_name': 'gu-', 'coordinates': [876, 474, 1144, 809], 'confidence': 0.9321980476379395}
2025-12-11 14:09:07,796 - 検出: {'class_name': 'gu-', 'coordinates': [824, 432, 1097, 775], 'confidence': 0.9603329300880432}
2025-12-11 14:09:07,866 - 検出: {'class_name': 'gu-', 'coordinates': [765, 405, 1050, 744], 'confidence': 0.8956789970397949}
2025-12-11 14:09:07,928 - 検出: {'class_name': 'gu-', 'coordinates': [710, 400, 1009, 718], 'confidence': 0.9449111819267273}
2025-12-11 14:09:07,996 - 検出: {'class_name': 'gu-', 'coordinates': [702, 413, 979, 715], 'confidence': 0.966795027256012}
2025-12-11 14:09:08,059 - 検出: {'class_name': 'gu-', 'coordinates': [683, 427, 962, 728], 'confidence': 0.9481929540634155}
2025-12-11 14:09:08,126 - 検出: {'class_name': 'gu-', 'coordinates': [680, 451, 944, 740], 'confidence': 0.9816011190414429}
2025-12-11 14:09:08,194 - 検出: {'class_name': 'gu-', 'coordinates': [684, 485, 936, 764], 'confidence': 0.9639591574668884}
2025-12-11 14:09:08,259 - 検出: {'class_name': 'gu-', 'coordinates': [701, 510, 932, 773], 'confidence': 0.9651817679405212}
2025-12-11 14:09:08,325 - 検出: {'class_name': 'gu-', 'coordinates': [708, 539, 922, 782], 'confidence': 0.9475002288818359}
2025-12-11 14:09:08,402 - 検出: {'class_name': 'gu-', 'coordinates': [713, 558, 921, 784], 'confidence': 0.87935870885849}
2025-12-11 14:09:08,456 - 検出: {'class_name': 'gu-', 'coordinates': [713, 565, 926, 793], 'confidence': 0.44755664467811584}
2025-12-11 14:09:08,524 - 検出: {'class_name': 'gu-', 'coordinates': [726, 566, 928, 796], 'confidence': 0.6052268743515015}
2025-12-11 14:09:08,594 - 検出: {'class_name': 'gu-', 'coordinates': [725, 562, 926, 794], 'confidence': 0.7317156791687012}
2025-12-11 14:09:08,666 - 検出: {'class_name': 'gu-', 'coordinates': [723, 546, 931, 793], 'confidence': 0.8531630635261536}
2025-12-11 14:09:08,728 - 検出: {'class_name': 'gu-', 'coordinates': [717, 514, 939, 800], 'confidence': 0.957915186882019}
2025-12-11 14:09:08,794 - 検出: {'class_name': 'gu-', 'coordinates': [669, 489, 937, 813], 'confidence': 0.9440155625343323}
2025-12-11 14:09:08,859 - 検出: {'class_name': 'gu-', 'coordinates': [635, 454, 929, 826], 'confidence': 0.928875744342804}
2025-12-11 14:09:08,930 - 検出: {'class_name': 'gu-', 'coordinates': [611, 414, 949, 828], 'confidence': 0.959266185760498}
2025-12-11 14:09:09,000 - 検出: {'class_name': 'gu-', 'coordinates': [589, 360, 977, 829], 'confidence': 0.9462548494338989}
2025-12-11 14:09:09,063 - 検出: {'class_name': 'gu-', 'coordinates': [561, 339, 1014, 896], 'confidence': 0.9204581379890442}
2025-12-11 14:09:09,125 - 検出: {'class_name': 'gu-', 'coordinates': [529, 343, 1069, 939], 'confidence': 0.891116201877594}
2025-12-11 14:09:09,198 - 検出: {'class_name': 'gu-', 'coordinates': [496, 382, 1097, 1062], 'confidence': 0.8308398127555847}
2025-12-11 14:09:09,262 - 検出: {'class_name': 'gu-', 'coordinates': [466, 420, 1117, 1080], 'confidence': 0.7405248880386353}
2025-12-11 14:09:09,333 - 検出: {'class_name': 'gu-', 'coordinates': [430, 430, 1114, 1079], 'confidence': 0.8209565877914429}
2025-12-11 14:09:09,403 - 検出: {'class_name': 'gu-', 'coordinates': [427, 423, 1113, 1078], 'confidence': 0.8012208342552185}
2025-12-11 14:09:09,452 - 検出: {'class_name': 'gu-', 'coordinates': [452, 404, 1098, 1075], 'confidence': 0.6793262958526611}
2025-12-11 14:09:09,525 - 検出: {'class_name': 'gu-', 'coordinates': [487, 365, 1059, 986], 'confidence': 0.8666966557502747}
2025-12-11 14:09:09,593 - 検出: {'class_name': 'gu-', 'coordinates': [549, 345, 1019, 906], 'confidence': 0.8971306085586548}
2025-12-11 14:09:09,659 - 検出: {'class_name': 'gu-', 'coordinates': [588, 363, 997, 819], 'confidence': 0.9038131237030029}
2025-12-11 14:09:09,732 - 検出: {'class_name': 'gu-', 'coordinates': [674, 423, 974, 795], 'confidence': 0.8496209383010864}
2025-12-11 14:09:09,796 - 検出: {'class_name': 'gu-', 'coordinates': [713, 492, 955, 809], 'confidence': 0.896298348903656}
2025-12-11 14:09:09,865 - 検出: {'class_name': 'gu-', 'coordinates': [730, 575, 951, 845], 'confidence': 0.6315432786941528}
2025-12-11 14:09:09,931 - 検出: {'class_name': 'gu-', 'coordinates': [757, 603, 966, 847], 'confidence': 0.804027795791626}
2025-12-11 14:09:09,998 - 検出: {'class_name': 'gu-', 'coordinates': [778, 598, 979, 836], 'confidence': 0.812969446182251}
2025-12-11 14:09:10,063 - 検出: {'class_name': 'gu-', 'coordinates': [776, 605, 971, 845], 'confidence': 0.8172004222869873}
2025-12-11 14:09:10,127 - 検出: {'class_name': 'gu-', 'coordinates': [772, 602, 971, 852], 'confidence': 0.6609860062599182}
2025-12-11 14:09:10,189 - 検出: {'class_name': 'gu-', 'coordinates': [760, 603, 963, 839], 'confidence': 0.7885164618492126}
2025-12-11 14:09:10,260 - 検出: {'class_name': 'gu-', 'coordinates': [757, 596, 961, 838], 'confidence': 0.8003717064857483}
2025-12-11 14:09:10,327 - 検出: {'class_name': 'gu-', 'coordinates': [758, 594, 965, 840], 'confidence': 0.8983191251754761}
2025-12-11 14:09:10,394 - 検出: {'class_name': 'gu-', 'coordinates': [766, 591, 967, 852], 'confidence': 0.9086651802062988}
2025-12-11 14:09:10,464 - 検出: {'class_name': 'gu-', 'coordinates': [786, 574, 983, 822], 'confidence': 0.942782998085022}
2025-12-11 14:09:10,535 - 検出: {'class_name': 'gu-', 'coordinates': [829, 558, 1015, 825], 'confidence': 0.7106931209564209}
2025-12-11 14:09:10,594 - 検出: {'class_name': 'gu-', 'coordinates': [874, 554, 1047, 835], 'confidence': 0.48914456367492676}
2025-12-11 14:09:11,467 - 検出: {'class_name': 'pa-', 'coordinates': [1176, 555, 1345, 848], 'confidence': 0.3283511698246002}
2025-12-11 14:09:11,530 - 検出: {'class_name': 'pa-', 'coordinates': [1116, 549, 1292, 869], 'confidence': 0.4077596664428711}
2025-12-11 14:09:11,725 - 検出: {'class_name': 'gu-', 'coordinates': [840, 574, 1087, 893], 'confidence': 0.7551724314689636}
2025-12-11 14:09:11,799 - 検出: {'class_name': 'gu-', 'coordinates': [738, 597, 1004, 921], 'confidence': 0.7481611967086792}
2025-12-11 14:09:11,863 - 検出: {'class_name': 'gu-', 'coordinates': [659, 609, 939, 920], 'confidence': 0.859653115272522}
2025-12-11 14:09:11,927 - 検出: {'class_name': 'gu-', 'coordinates': [581, 629, 874, 965], 'confidence': 0.7907212376594543}
2025-12-11 14:09:11,997 - 検出: {'class_name': 'gu-', 'coordinates': [509, 643, 817, 1006], 'confidence': 0.6360933184623718}
2025-12-11 14:09:12,062 - 検出: {'class_name': 'gu-', 'coordinates': [195, 659, 743, 1039], 'confidence': 0.4314199984073639}
2025-12-11 14:09:12,127 - 検出: {'class_name': 'gu-', 'coordinates': [174, 673, 665, 1061], 'confidence': 0.46895185112953186}
2025-12-11 14:09:12,199 - 検出: {'class_name': 'gu-', 'coordinates': [168, 697, 567, 1077], 'confidence': 0.5824218392372131}
2025-12-11 14:09:12,264 - 検出: {'class_name': 'gu-', 'coordinates': [152, 705, 479, 972], 'confidence': 0.7249288558959961}
2025-12-11 14:09:12,326 - 検出: {'class_name': 'gu-', 'coordinates': [92, 720, 410, 1003], 'confidence': 0.886178731918335}
2025-12-11 14:09:12,400 - 検出: {'class_name': 'gu-', 'coordinates': [58, 736, 362, 1020], 'confidence': 0.4528033137321472}
2025-12-11 14:09:12,467 - 検出: {'class_name': 'gu-', 'coordinates': [39, 739, 338, 1025], 'confidence': 0.8729588985443115}
2025-12-11 14:09:12,529 - 検出: {'class_name': 'gu-', 'coordinates': [33, 738, 328, 1022], 'confidence': 0.8749533295631409}
2025-12-11 14:09:12,598 - 検出: {'class_name': 'gu-', 'coordinates': [27, 742, 322, 1022], 'confidence': 0.8687999844551086}
2025-12-11 14:09:12,658 - 検出: {'class_name': 'gu-', 'coordinates': [21, 744, 320, 1021], 'confidence': 0.8458331823348999}
2025-12-11 14:09:12,730 - 検出: {'class_name': 'gu-', 'coordinates': [23, 746, 320, 1019], 'confidence': 0.6616642475128174}
2025-12-11 14:09:12,801 - 検出: {'class_name': 'gu-', 'coordinates': [33, 743, 326, 1022], 'confidence': 0.8636934757232666}
2025-12-11 14:09:12,861 - 検出: {'class_name': 'gu-', 'coordinates': [39, 738, 330, 1024], 'confidence': 0.8946998119354248}
2025-12-11 14:09:12,933 - 検出: {'class_name': 'gu-', 'coordinates': [38, 741, 323, 1026], 'confidence': 0.8948398232460022}
2025-12-11 14:09:12,992 - 検出: {'class_name': 'gu-', 'coordinates': [28, 754, 307, 1064], 'confidence': 0.8749345541000366}
2025-12-11 14:09:13,061 - 検出: {'class_name': 'gu-', 'coordinates': [1, 774, 270, 1080], 'confidence': 0.8972025513648987}
2025-12-11 14:09:13,396 - 検出: {'class_name': 'gu-', 'coordinates': [0, 783, 253, 1080], 'confidence': 0.3977857530117035}
2025-12-11 14:09:13,460 - 検出: {'class_name': 'gu-', 'coordinates': [12, 776, 278, 1080], 'confidence': 0.6073309183120728}
2025-12-11 14:09:13,534 - 検出: {'class_name': 'gu-', 'coordinates': [42, 796, 306, 1079], 'confidence': 0.5962507128715515}
2025-12-11 14:09:23,133 - 検出: {'class_name': 'gu-', 'coordinates': [820, 821, 1220, 1080], 'confidence': 0.6869742274284363}
2025-12-11 14:09:23,205 - 検出: {'class_name': 'gu-', 'coordinates': [790, 781, 1204, 1080], 'confidence': 0.6842552423477173}
2025-12-11 14:09:23,267 - 検出: {'class_name': 'gu-', 'coordinates': [771, 765, 1197, 1080], 'confidence': 0.6469565629959106}
2025-12-11 14:09:23,335 - 検出: {'class_name': 'gu-', 'coordinates': [763, 748, 1193, 1080], 'confidence': 0.7315232157707214}
2025-12-11 14:09:23,401 - 検出: {'class_name': 'gu-', 'coordinates': [758, 726, 1197, 1080], 'confidence': 0.7520499229431152}
2025-12-11 14:09:23,471 - 検出: {'class_name': 'gu-', 'coordinates': [744, 701, 1190, 1080], 'confidence': 0.9285261631011963}
2025-12-11 14:09:23,539 - 検出: {'class_name': 'gu-', 'coordinates': [730, 691, 1171, 1080], 'confidence': 0.8996679186820984}
2025-12-11 14:09:23,603 - 検出: {'class_name': 'gu-', 'coordinates': [718, 691, 1155, 1080], 'confidence': 0.9498045444488525}
2025-12-11 14:09:23,674 - 検出: {'class_name': 'gu-', 'coordinates': [706, 694, 1154, 1080], 'confidence': 0.9545751810073853}
2025-12-11 14:09:23,730 - 検出: {'class_name': 'gu-', 'coordinates': [696, 694, 1146, 1080], 'confidence': 0.924222469329834}
2025-12-11 14:09:23,802 - 検出: {'class_name': 'gu-', 'coordinates': [704, 691, 1155, 1080], 'confidence': 0.6582300662994385}
2025-12-11 14:09:23,876 - 検出: {'class_name': 'gu-', 'coordinates': [721, 691, 1179, 1080], 'confidence': 0.6827056407928467}
2025-12-11 14:09:23,938 - 検出: {'class_name': 'gu-', 'coordinates': [844, 773, 1284, 1080], 'confidence': 0.8047152161598206}
2025-12-11 14:09:26,004 - 検出: {'class_name': 'gu-', 'coordinates': [810, 777, 1240, 1080], 'confidence': 0.9235315322875977}
2025-12-11 14:09:26,066 - 検出: {'class_name': 'gu-', 'coordinates': [792, 720, 1239, 1080], 'confidence': 0.9661052823066711}
2025-12-11 14:09:26,132 - 検出: {'class_name': 'gu-', 'coordinates': [788, 690, 1242, 1080], 'confidence': 0.9818359613418579}
2025-12-11 14:09:26,203 - 検出: {'class_name': 'gu-', 'coordinates': [793, 698, 1252, 1080], 'confidence': 0.985857367515564}
2025-12-11 14:09:26,271 - 検出: {'class_name': 'gu-', 'coordinates': [799, 720, 1263, 1080], 'confidence': 0.9788205027580261}
2025-12-11 14:09:26,335 - 検出: {'class_name': 'gu-', 'coordinates': [804, 724, 1274, 1080], 'confidence': 0.9743622541427612}
2025-12-11 14:09:26,397 - 検出: {'class_name': 'gu-', 'coordinates': [801, 727, 1271, 1080], 'confidence': 0.9621686935424805}
2025-12-11 14:09:26,467 - 検出: {'class_name': 'gu-', 'coordinates': [794, 739, 1266, 1080], 'confidence': 0.9697058200836182}
2025-12-11 14:09:26,535 - 検出: {'class_name': 'gu-', 'coordinates': [796, 762, 1261, 1080], 'confidence': 0.9827704429626465}
2025-12-11 14:09:26,600 - 検出: {'class_name': 'gu-', 'coordinates': [829, 778, 1287, 1080], 'confidence': 0.9428332448005676}
2025-12-11 14:09:30,472 - 検出: {'class_name': 'gu-', 'coordinates': [1468, 572, 1919, 1080], 'confidence': 0.2863481044769287}
2025-12-11 14:09:30,535 - 検出: {'class_name': 'gu-', 'coordinates': [246, 588, 718, 978], 'confidence': 0.30364835262298584}
2025-12-11 14:09:30,605 - 検出: {'class_name': 'gu-', 'coordinates': [1501, 550, 1920, 1080], 'confidence': 0.6459141969680786}
2025-12-11 14:09:30,671 - 検出: {'class_name': 'gu-', 'coordinates': [1509, 541, 1920, 1080], 'confidence': 0.44761162996292114}
2025-12-11 14:09:30,735 - 検出: {'class_name': 'gu-', 'coordinates': [1517, 526, 1920, 1077], 'confidence': 0.36608433723449707}
2025-12-11 14:09:34,882 - 検出を終了しました。
